0 info it worked if it ends with ok
1 verbose cli [ 'C:\\Program Files\\nodejs\\node.exe',
1 verbose cli   'C:\\Program Files\\nodejs\\node_modules\\npm\\bin\\npm-cli.js',
1 verbose cli   'start' ]
2 info using npm@3.10.10
3 info using node@v6.9.5
4 verbose run-script [ 'prestart', 'start', 'poststart' ]
5 info lifecycle puppeteer-scratch@1.0.0~prestart: puppeteer-scratch@1.0.0
6 silly lifecycle puppeteer-scratch@1.0.0~prestart: no script for prestart, continuing
7 info lifecycle puppeteer-scratch@1.0.0~start: puppeteer-scratch@1.0.0
8 verbose lifecycle puppeteer-scratch@1.0.0~start: unsafe-perm in lifecycle true
9 verbose lifecycle puppeteer-scratch@1.0.0~start: PATH: C:\Users\Jackie~1\AppData\Roaming\nvm\v6.9.5\node_modules\npm\bin\node-gyp-bin;C:\scratch\crawler\node_modules\.bin;C:\Users\Jackie Treehorn\bin;C:\Program Files\Git\mingw64\bin;C:\Program Files\Git\usr\local\bin;C:\Program Files\Git\usr\bin;C:\Program Files\Git\usr\bin;C:\Program Files\Git\mingw64\bin;C:\Program Files\Git\usr\bin;C:\Users\Jackie Treehorn\bin;C:\ProgramData\Oracle\Java\javapath;C:\Program Files (x86)\Intel\iCLS Client;C:\Program Files\Intel\iCLS Client;C:\Windows\system32;C:\Windows;C:\Windows\System32\Wbem;C:\Windows\System32\WindowsPowerShell\v1.0;C:\Program Files (x86)\Intel\Intel(R) Management Engine Components\DAL;C:\Program Files\Intel\Intel(R) Management Engine Components\DAL;C:\Program Files (x86)\Intel\Intel(R) Management Engine Components\IPT;C:\Program Files\Intel\Intel(R) Management Engine Components\IPT;C:\Program Files (x86)\NVIDIA Corporation\PhysX\Common;C:\Program Files\Git\cmd;C:\Program Files\TortoiseSVN\bin;C:\WINDOWS\system32;C:\WINDOWS;C:\WINDOWS\System32\Wbem;C:\WINDOWS\System32\WindowsPowerShell\v1.0;C:\Program Files\Microsoft SQL Server\130\Tools\Binn;C:\Program Files (x86)\Microsoft SQL Server\Client SDK\ODBC\130\Tools\Binn;C:\Program Files (x86)\Microsoft SQL Server\130\Tools\Binn;C:\Program Files (x86)\Microsoft SQL Server\130\DTS\Binn;C:\Program Files (x86)\Microsoft SQL Server\130\Tools\Binn\ManagementStudio;C:\Program Files\Microsoft DNX\Dnvm;C:\Program Files (x86)\MySQL\MySQL Fabric 1.5 & MySQL Utilities 1.5;C:\Program Files (x86)\MySQL\MySQL Fabric 1.5 & MySQL Utilities 1.5\Doctrine extensions for PHP;C:\Program Files\MySQL\MySQL Server 5.1\bin;C:\Program Files (x86)\Microsoft SQL Server\110\DTS\Binn;C:\Program Files (x86)\Microsoft SQL Server\120\DTS\Binn;C:\Program Files (x86)\Windows Kits\10\Windows Performance Toolkit;C:\Program Files (x86)\Windows Kits\8.1\Windows Performance Toolkit;C:\Program Files\Microsoft SQL Server\120\Tools\Binn;C:\Program Files (x86)\VisualSVN\bin;C:\Program Files\Sublime Text 3;C:\Program Files (x86)\NuGet\Visual Studio 2015;C:\Program Files (x86)\Heroku\bin;C:\Program Files (x86)\git\cmd;C:\Program Files (x86)\Git\cmd;C:\Program Files\OpenSSH\bin;C:\Program Files\dotnet;C:\Program Files (x86)\Skype\Phone;C:\Program Files (x86)\Google\Cloud SDK\google-cloud-sdk\bin;C:\Program Files\PuTTY;%NVM_HOME%;%NVM_SYMLINK%;C:\PostgreSQL\pg96\bin;C:\Ruby23\bin;C:\Users\Jackie Treehorn\AppData\Local\Programs\Python\Python35-32\Scripts;C:\Users\Jackie Treehorn\AppData\Local\Programs\Python\Python35-32;C:\Python34;C:\Python34\Scripts;C:\Program Files (x86)\Microsoft VS Code\bin;C:\Program Files\Docker Toolbox;C:\Users\Jackie Treehorn\AppData\Local\Microsoft\WindowsApps;C:\Users\Jackie Treehorn\AppData\Local\.meteor;C:\Users\Jackie Treehorn\AppData\Roaming\nvm;C:\Program Files\nodejs;C:\Program Files\Git\usr\bin\vendor_perl;C:\Program Files\Git\usr\bin\core_perl
10 verbose lifecycle puppeteer-scratch@1.0.0~start: CWD: C:\scratch\crawler
11 silly lifecycle puppeteer-scratch@1.0.0~start: Args: [ '/d /s /c', 'node ./index.js' ]
12 silly lifecycle puppeteer-scratch@1.0.0~start: Returned: code: 1  signal: null
13 info lifecycle puppeteer-scratch@1.0.0~start: Failed to exec start script
14 verbose stack Error: puppeteer-scratch@1.0.0 start: `node ./index.js`
14 verbose stack Exit status 1
14 verbose stack     at EventEmitter.<anonymous> (C:\Users\Jackie~1\AppData\Roaming\nvm\v6.9.5\node_modules\npm\lib\utils\lifecycle.js:255:16)
14 verbose stack     at emitTwo (events.js:106:13)
14 verbose stack     at EventEmitter.emit (events.js:191:7)
14 verbose stack     at ChildProcess.<anonymous> (C:\Users\Jackie~1\AppData\Roaming\nvm\v6.9.5\node_modules\npm\lib\utils\spawn.js:40:14)
14 verbose stack     at emitTwo (events.js:106:13)
14 verbose stack     at ChildProcess.emit (events.js:191:7)
14 verbose stack     at maybeClose (internal/child_process.js:877:16)
14 verbose stack     at Process.ChildProcess._handle.onexit (internal/child_process.js:226:5)
15 verbose pkgid puppeteer-scratch@1.0.0
16 verbose cwd C:\scratch\crawler
17 error Windows_NT 10.0.15063
18 error argv "C:\\Program Files\\nodejs\\node.exe" "C:\\Program Files\\nodejs\\node_modules\\npm\\bin\\npm-cli.js" "start"
19 error node v6.9.5
20 error npm  v3.10.10
21 error code ELIFECYCLE
22 error puppeteer-scratch@1.0.0 start: `node ./index.js`
22 error Exit status 1
23 error Failed at the puppeteer-scratch@1.0.0 start script 'node ./index.js'.
23 error Make sure you have the latest version of node.js and npm installed.
23 error If you do, this is most likely a problem with the puppeteer-scratch package,
23 error not with npm itself.
23 error Tell the author that this fails on your system:
23 error     node ./index.js
23 error You can get information on how to open an issue for this project with:
23 error     npm bugs puppeteer-scratch
23 error Or if that isn't available, you can get their info via:
23 error     npm owner ls puppeteer-scratch
23 error There is likely additional logging output above.
24 verbose exit [ 1, true ]
